<?xml version="1.0" encoding="UTF-8"?>
<robot generator="Robot 3.2.1 (Python 3.8.5 on darwin)" generated="20210509 15:02:02.337" rpa="false">
<suite id="s1" name="Tests" source="/Users/qubilearnd/Work/qubilea-sadinmaki/robot-framework-remote-library-demo/sql-handling/tests">
<suite id="s1-s1" name="Test" source="/Users/qubilearnd/Work/qubilea-sadinmaki/robot-framework-remote-library-demo/sql-handling/tests/test.robot">
<kw name="Connect To Database" library="RemoteDatabaseLibrary" type="setup">
<doc>Loads the DB API 2.0 module given `dbapiModuleName` then uses it to
connect to the database using `dbName`, `dbUsername`, and `dbPassword`.</doc>
<arguments>
<arg>pymysql</arg>
<arg>${DBName}</arg>
<arg>${DBUser}</arg>
<arg>${DBPass}</arg>
<arg>${DBHost}</arg>
<arg>${DBPort}</arg>
</arguments>
<msg timestamp="20210509 15:02:03.546" level="FAIL">OperationalError: (1045, "Access denied for user 'user'@'172.21.0.2' (using password: YES)")</msg>
<status status="FAIL" starttime="20210509 15:02:03.367" endtime="20210509 15:02:03.546"></status>
</kw>
<test id="s1-s1-t1" name="Create person table">
<tags>
<tag>db</tag>
<tag>smoke</tag>
</tags>
<status status="FAIL" starttime="20210509 15:02:03.546" endtime="20210509 15:02:03.549" critical="yes">Parent suite setup failed:
OperationalError: (1045, "Access denied for user 'user'@'172.21.0.2' (using password: YES)")</status>
</test>
<test id="s1-s1-t2" name="Drop person and foobar tables">
<tags>
<tag>db</tag>
<tag>smoke</tag>
</tags>
<status status="FAIL" starttime="20210509 15:02:03.565" endtime="20210509 15:02:03.578" critical="yes">Parent suite setup failed:
OperationalError: (1045, "Access denied for user 'user'@'172.21.0.2' (using password: YES)")</status>
</test>
<kw name="Disconnect From Database" library="RemoteDatabaseLibrary" type="teardown">
<doc>Disconnects from the database.</doc>
<msg timestamp="20210509 15:02:03.637" level="FAIL">AttributeError: 'NoneType' object has no attribute 'close'</msg>
<status status="FAIL" starttime="20210509 15:02:03.603" endtime="20210509 15:02:03.637">AttributeError: 'NoneType' object has no attribute 'close'</status>
</kw>
<status status="FAIL" starttime="20210509 15:02:02.425" endtime="20210509 15:02:03.637">Suite setup failed:
OperationalError: (1045, "Access denied for user 'user'@'172.21.0.2' (using password: YES)")

Also suite teardown failed:
AttributeError: 'NoneType' object has no attribute 'close'</status>
</suite>
<status status="FAIL" starttime="20210509 15:02:02.340" endtime="20210509 15:02:03.685"></status>
</suite>
<statistics>
<total>
<stat pass="0" fail="2">Critical Tests</stat>
<stat pass="0" fail="2">All Tests</stat>
</total>
<tag>
<stat pass="0" fail="2">db</stat>
<stat pass="0" fail="2">smoke</stat>
</tag>
<suite>
<stat pass="0" fail="2" id="s1" name="Tests">Tests</stat>
<stat pass="0" fail="2" id="s1-s1" name="Test">Tests.Test</stat>
</suite>
</statistics>
<errors>
</errors>
</robot>
